<?xml version="1.0" encoding="UTF-8"?>
<testng-results skipped="0" failed="0" total="1" passed="1">
  <reporter-output>
  </reporter-output>
  <suite name="Default suite" duration-ms="59513" started-at="2017-01-03T11:32:28Z" finished-at="2017-01-03T11:33:27Z">
    <groups>
    </groups>
    <test name="Default test" duration-ms="59513" started-at="2017-01-03T11:32:28Z" finished-at="2017-01-03T11:33:27Z">
      <class name="pckgSeleniumFramework.Parallel">
        <test-method status="PASS" signature="f(java.lang.Integer, java.lang.String)[pri:0, instance:pckgSeleniumFramework.Parallel@6e918ac0]" name="f" duration-ms="59293" started-at="2017-01-03T17:02:28Z" data-provider="dp" finished-at="2017-01-03T17:03:27Z">
          <params>
            <param index="0">
              <value>
                <![CDATA[7]]>
              </value>
            </param>
            <param index="1">
              <value>
                <![CDATA[FIREFOX1]]>
              </value>
            </param>
          </params>
          <reporter-output>
          </reporter-output>
        </test-method> <!-- f -->
      </class> <!-- pckgSeleniumFramework.Parallel -->
    </test> <!-- Default test -->
  </suite> <!-- Default suite -->
</testng-results>
